<?xml version="1.0" encoding="UTF-8"?>
<!-- Generated by org.testng.reporters.JUnitReportReporter -->
<testsuite skipped="0" hostname="L-156104576" name="TestScript.Amazon_TestCases" tests="1" failures="0" timestamp="2020-03-11T11:33:04 IST" time="89.557" errors="0">
  <testcase name="tc001_LoginAndCartOperation" time="89.557" classname="TestScript.Amazon_TestCases"/>
</testsuite> <!-- TestScript.Amazon_TestCases -->
